<?xml version="1.0" encoding="UTF-8"?>
<testsuite name="ScreenTest" tests="1" skipped="0" failures="0" errors="0" timestamp="2020-12-15T06:24:05" hostname="Bens-MacBook-Pro.local" time="0.073">
  <properties/>
  <testcase name="test[jvm]" classname="ScreenTest" time="0.073"/>
  <system-out><![CDATA[Sheet: 
  Stats: 
    Strength: 0
      Mod: -5

    Dexterity: 0
      Mod: -5

    Constitution: 0
      Mod: -5

    Intelligence: 0
      Mod: -5

    Wisdom: 0
      Mod: -5

    Charisma: 0
      Mod: -5


  Passive perception: 0
  yo_string_list: 
    yo_0: 
    yo_1: 
    yo_2: 
    yo_3: 
    yo_4: 
    yo_5: 
    yo_6: 
    yo_7: 
    yo_8: 
    yo_9: 



RECURSE:

Sheet
 Stats
   Strength
     Mod
   Dexterity
     Mod
   Constitution
     Mod
   Intelligence
     Mod
   Wisdom
     Mod
   Charisma
     Mod
 Passive perception
 yo_string_list
   yo_0
   yo_1
   yo_2
   yo_3
   yo_4
   yo_5
   yo_6
   yo_7
   yo_8
   yo_9
]]></system-out>
  <system-err><![CDATA[]]></system-err>
</testsuite>
